<?xml version="1.0" encoding="UTF-8"?>
<!-- Generated by org.testng.reporters.JUnitReportReporter -->
<testsuite hostname="HP-PC" failures="0" tests="1" name="com.visionit.internetbankingv2.testCases.LoginTestCase12" time="184.155" errors="0" timestamp="2020-12-28T09:51:47 IST" skipped="0">
  <testcase classname="com.visionit.internetbankingv2.testCases.LoginTestCase12" name="logindemo99Test" time="184.155"/>
  <system-out/>
</testsuite> <!-- com.visionit.internetbankingv2.testCases.LoginTestCase12 -->
